0 info it worked if it ends with ok
1 verbose cli [ '/usr/local/bin/node',
1 verbose cli   '/usr/local/bin/npm',
1 verbose cli   'install',
1 verbose cli   '-g',
1 verbose cli   'bower' ]
2 info using npm@1.4.14
3 info using node@v0.10.29
4 verbose node symlink /usr/local/bin/node
5 verbose cache add [ 'bower', null ]
6 verbose cache add name=undefined spec="bower" args=["bower",null]
7 verbose parsed url { protocol: null,
7 verbose parsed url   slashes: null,
7 verbose parsed url   auth: null,
7 verbose parsed url   host: null,
7 verbose parsed url   port: null,
7 verbose parsed url   hostname: null,
7 verbose parsed url   hash: null,
7 verbose parsed url   search: null,
7 verbose parsed url   query: null,
7 verbose parsed url   pathname: 'bower',
7 verbose parsed url   path: 'bower',
7 verbose parsed url   href: 'bower' }
8 silly lockFile 206e3ce5-bower bower
9 verbose lock bower /home/vagrant/.npm/206e3ce5-bower.lock
10 silly lockFile 206e3ce5-bower bower
11 silly lockFile 206e3ce5-bower bower
12 verbose addNamed [ 'bower', '' ]
13 verbose addNamed [ null, '*' ]
14 silly lockFile 1240aab1-bower bower@
15 verbose lock bower@ /home/vagrant/.npm/1240aab1-bower.lock
16 silly addNameRange { name: 'bower', range: '*', hasData: false }
17 verbose url raw bower
18 verbose url resolving [ 'https://registry.npmjs.org/', './bower' ]
19 verbose url resolved https://registry.npmjs.org/bower
20 info trying registry request attempt 1 at 23:05:27
21 verbose etag "2A874AUSW90GEUIKVSPSW4ZNM"
22 http GET https://registry.npmjs.org/bower
23 http 304 https://registry.npmjs.org/bower
24 silly registry.get cb [ 304,
24 silly registry.get   { date: 'Tue, 25 Nov 2014 23:05:27 GMT',
24 silly registry.get     server: 'Apache',
24 silly registry.get     via: '1.1 varnish',
24 silly registry.get     'last-modified': 'Tue, 25 Nov 2014 23:05:27 GMT',
24 silly registry.get     'cache-control': 'max-age=60',
24 silly registry.get     etag: '"2A874AUSW90GEUIKVSPSW4ZNM"',
24 silly registry.get     age: '8',
24 silly registry.get     'x-served-by': 'cache-lax1430-LAX',
24 silly registry.get     'x-cache': 'HIT',
24 silly registry.get     'x-cache-hits': '1',
24 silly registry.get     'x-timer': 'S1416956727.997612,VS0,VE0',
24 silly registry.get     vary: 'Accept',
24 silly registry.get     'content-length': '0',
24 silly registry.get     'keep-alive': 'timeout=10, max=50',
24 silly registry.get     connection: 'Keep-Alive' } ]
25 verbose etag bower from cache
26 silly addNameRange number 2 { name: 'bower', range: '*', hasData: true }
27 silly addNameRange versions [ 'bower',
27 silly addNameRange   [ '0.1.0',
27 silly addNameRange     '0.1.2',
27 silly addNameRange     '0.1.3',
27 silly addNameRange     '0.2.0',
27 silly addNameRange     '0.3.0',
27 silly addNameRange     '0.3.1',
27 silly addNameRange     '0.3.2',
27 silly addNameRange     '0.4.0',
27 silly addNameRange     '0.5.0',
27 silly addNameRange     '0.5.1',
27 silly addNameRange     '0.6.0',
27 silly addNameRange     '0.6.1',
27 silly addNameRange     '0.6.2',
27 silly addNameRange     '0.6.3',
27 silly addNameRange     '0.6.4',
27 silly addNameRange     '0.6.5',
27 silly addNameRange     '0.6.6',
27 silly addNameRange     '0.6.7',
27 silly addNameRange     '0.6.8',
27 silly addNameRange     '0.7.0',
27 silly addNameRange     '0.7.1',
27 silly addNameRange     '0.8.0',
27 silly addNameRange     '0.8.1',
27 silly addNameRange     '0.8.2',
27 silly addNameRange     '0.8.3',
27 silly addNameRange     '0.8.4',
27 silly addNameRange     '0.8.5',
27 silly addNameRange     '0.8.6',
27 silly addNameRange     '0.9.0',
27 silly addNameRange     '0.9.1',
27 silly addNameRange     '0.9.2',
27 silly addNameRange     '0.10.0',
27 silly addNameRange     '1.0.0',
27 silly addNameRange     '1.0.1',
27 silly addNameRange     '1.0.2',
27 silly addNameRange     '1.0.3',
27 silly addNameRange     '1.1.0',
27 silly addNameRange     '1.1.1',
27 silly addNameRange     '1.1.2',
27 silly addNameRange     '1.2.0',
27 silly addNameRange     '1.2.1',
27 silly addNameRange     '1.2.2',
27 silly addNameRange     '1.2.3',
27 silly addNameRange     '1.2.4',
27 silly addNameRange     '1.2.5',
27 silly addNameRange     '1.2.6',
27 silly addNameRange     '1.2.7',
27 silly addNameRange     '1.2.8',
27 silly addNameRange     '1.3.0',
27 silly addNameRange     '1.3.1',
27 silly addNameRange     '1.3.2',
27 silly addNameRange     '1.3.3',
27 silly addNameRange     '1.3.4',
27 silly addNameRange     '1.3.5',
27 silly addNameRange     '1.3.6',
27 silly addNameRange     '1.3.7',
27 silly addNameRange     '1.3.8',
27 silly addNameRange     '1.3.9',
27 silly addNameRange     '1.3.10',
27 silly addNameRange     '1.3.11',
27 silly addNameRange     '1.3.12' ] ]
28 verbose addNamed [ 'bower', '1.3.12' ]
29 verbose addNamed [ '1.3.12', '1.3.12' ]
30 silly lockFile 9819431c-bower-1-3-12 bower@1.3.12
31 verbose lock bower@1.3.12 /home/vagrant/.npm/9819431c-bower-1-3-12.lock
32 silly lockFile 9819431c-bower-1-3-12 bower@1.3.12
33 silly lockFile 9819431c-bower-1-3-12 bower@1.3.12
34 silly lockFile 1240aab1-bower bower@
35 silly lockFile 1240aab1-bower bower@
36 silly resolved [ { name: 'bower',
36 silly resolved     version: '1.3.12',
36 silly resolved     description: 'The browser package manager',
36 silly resolved     author: { name: 'Twitter' },
36 silly resolved     licenses: [ [Object] ],
36 silly resolved     repository: { type: 'git', url: 'https://github.com/bower/bower' },
36 silly resolved     main: 'lib',
36 silly resolved     homepage: 'http://bower.io',
36 silly resolved     engines: { node: '>=0.10.0' },
36 silly resolved     dependencies:
36 silly resolved      { abbrev: '~1.0.4',
36 silly resolved        archy: '0.0.2',
36 silly resolved        'bower-config': '~0.5.2',
36 silly resolved        'bower-endpoint-parser': '~0.2.2',
36 silly resolved        'bower-json': '~0.4.0',
36 silly resolved        'bower-logger': '~0.2.2',
36 silly resolved        'bower-registry-client': '~0.2.0',
36 silly resolved        cardinal: '0.4.0',
36 silly resolved        chalk: '0.5.0',
36 silly resolved        chmodr: '0.1.0',
36 silly resolved        'decompress-zip': '0.0.8',
36 silly resolved        fstream: '~1.0.2',
36 silly resolved        'fstream-ignore': '~1.0.1',
36 silly resolved        glob: '~4.0.2',
36 silly resolved        'graceful-fs': '~3.0.1',
36 silly resolved        handlebars: '~2.0.0',
36 silly resolved        inquirer: '0.7.1',
36 silly resolved        insight: '0.4.3',
36 silly resolved        'is-root': '~1.0.0',
36 silly resolved        junk: '~1.0.0',
36 silly resolved        lockfile: '~1.0.0',
36 silly resolved        'lru-cache': '~2.5.0',
36 silly resolved        mkdirp: '0.5.0',
36 silly resolved        mout: '~0.9.0',
36 silly resolved        nopt: '~3.0.0',
36 silly resolved        opn: '~1.0.0',
36 silly resolved        osenv: '0.1.0',
36 silly resolved        'p-throttler': '0.1.0',
36 silly resolved        promptly: '0.2.0',
36 silly resolved        q: '~1.0.1',
36 silly resolved        request: '~2.42.0',
36 silly resolved        'request-progress': '0.3.0',
36 silly resolved        retry: '0.6.0',
36 silly resolved        rimraf: '~2.2.0',
36 silly resolved        semver: '~2.3.0',
36 silly resolved        'shell-quote': '~1.4.1',
36 silly resolved        'stringify-object': '~1.0.0',
36 silly resolved        'tar-fs': '0.5.2',
36 silly resolved        tmp: '0.0.23',
36 silly resolved        'update-notifier': '0.2.0',
36 silly resolved        which: '~1.0.5' },
36 silly resolved     devDependencies:
36 silly resolved      { coveralls: '~2.11.0',
36 silly resolved        'expect.js': '~0.3.1',
36 silly resolved        grunt: '~0.4.4',
36 silly resolved        'grunt-cli': '^0.1.13',
36 silly resolved        'grunt-contrib-jshint': '~0.10.0',
36 silly resolved        'grunt-contrib-watch': '~0.6.1',
36 silly resolved        'grunt-exec': '~0.4.2',
36 silly resolved        'grunt-simple-mocha': '~0.4.0',
36 silly resolved        istanbul: '~0.3.2',
36 silly resolved        'load-grunt-tasks': '~0.6.0',
36 silly resolved        mocha: '~1.21.4',
36 silly resolved        nock: '~0.46.0',
36 silly resolved        'node-uuid': '~1.4.1',
36 silly resolved        proxyquire: '~1.0.1' },
36 silly resolved     scripts: { test: 'grunt test' },
36 silly resolved     bin: { bower: 'bin/bower' },
36 silly resolved     preferGlobal: true,
36 silly resolved     gitHead: 'b26c072f0db054a1902ec4d2e3726dbf8a1c799a',
36 silly resolved     bugs: { url: 'https://github.com/bower/bower/issues' },
36 silly resolved     _id: 'bower@1.3.12',
36 silly resolved     _shasum: '37de0edb3904baf90aee13384a1a379a05ee214c',
36 silly resolved     _from: 'bower@',
36 silly resolved     _npmVersion: '2.0.0',
36 silly resolved     _npmUser: { name: 'sheerun', email: 'sheerun@sher.pl' },
36 silly resolved     maintainers: [ [Object], [Object], [Object], [Object], [Object], [Object] ],
36 silly resolved     dist:
36 silly resolved      { shasum: '37de0edb3904baf90aee13384a1a379a05ee214c',
36 silly resolved        tarball: 'http://registry.npmjs.org/bower/-/bower-1.3.12.tgz' },
36 silly resolved     directories: {},
36 silly resolved     _resolved: 'https://registry.npmjs.org/bower/-/bower-1.3.12.tgz',
36 silly resolved     readme: 'ERROR: No README data found!' } ]
37 info install bower@1.3.12 into /usr/local/lib
38 info installOne bower@1.3.12
39 info /usr/local/lib/node_modules/bower unbuild
40 verbose tar unpack /home/vagrant/.npm/bower/1.3.12/package.tgz
41 silly lockFile 1396471b-usr-local-lib-node-modules-bower tar:///usr/local/lib/node_modules/bower
42 verbose lock tar:///usr/local/lib/node_modules/bower /home/vagrant/.npm/1396471b-usr-local-lib-node-modules-bower.lock
43 silly lockFile 284ca5c2-ant-npm-bower-1-3-12-package-tgz tar:///home/vagrant/.npm/bower/1.3.12/package.tgz
44 verbose lock tar:///home/vagrant/.npm/bower/1.3.12/package.tgz /home/vagrant/.npm/284ca5c2-ant-npm-bower-1-3-12-package-tgz.lock
45 silly gunzTarPerm modes [ '755', '644' ]
46 error Error: EACCES, mkdir '/usr/local/lib/node_modules'
46 error  { [Error: EACCES, mkdir '/usr/local/lib/node_modules']
46 error   errno: 3,
46 error   code: 'EACCES',
46 error   path: '/usr/local/lib/node_modules',
46 error   fstream_type: 'Directory',
46 error   fstream_path: '/usr/local/lib/node_modules/bower',
46 error   fstream_class: 'DirWriter',
46 error   fstream_stack:
46 error    [ '/opt/node-v0.10.29-linux-x86/lib/node_modules/npm/node_modules/fstream/lib/writer.js:171:23',
46 error      '/opt/node-v0.10.29-linux-x86/lib/node_modules/npm/node_modules/mkdirp/index.js:37:53',
46 error      'Object.oncomplete (fs.js:107:15)' ] }
47 error Please try running this command again as root/Administrator.
48 error System Linux 3.2.0-23-generic-pae
49 error command "/usr/local/bin/node" "/usr/local/bin/npm" "install" "-g" "bower"
50 error cwd /vagrant/bloc-jams
51 error node -v v0.10.29
52 error npm -v 1.4.14
53 error path /usr/local/lib/node_modules
54 error fstream_path /usr/local/lib/node_modules/bower
55 error fstream_type Directory
56 error fstream_class DirWriter
57 error code EACCES
58 error errno 3
59 error stack Error: EACCES, mkdir '/usr/local/lib/node_modules'
60 error fstream_stack /opt/node-v0.10.29-linux-x86/lib/node_modules/npm/node_modules/fstream/lib/writer.js:171:23
60 error fstream_stack /opt/node-v0.10.29-linux-x86/lib/node_modules/npm/node_modules/mkdirp/index.js:37:53
60 error fstream_stack Object.oncomplete (fs.js:107:15)
61 verbose exit [ 3, true ]
